1596458388092	mozrunner::runner	INFO	Running command: "/usr/bin/firefox" "-marionette" "-foreground" "-no-remote" "-profile" "/tmp/rust_mozprofile.fEWMRopHMcCk"
1596458406972	Marionette	INFO	Listening on port 33409
1596458407024	Marionette	WARN	TLS certificate errors will be ignored for this session

(firefox:5110): GLib-GObject-WARNING **: /build/glib2.0-xkQkqE/glib2.0-2.48.2/./gobject/gsignal.c:3486: signal name 'load_complete' is invalid for instance '0x7fc7384733d0' of type 'MaiAtkType139'
console.error: "Store does not have a valid reducer. Make sure the argument passed to combineReducers is an object whose values are reducers."

(firefox:5110): GLib-GObject-WARNING **: /build/glib2.0-xkQkqE/glib2.0-2.48.2/./gobject/gsignal.c:3486: signal name 'load_complete' is invalid for instance '0x7fc72ca13a60' of type 'MaiAtkType139'

(firefox:5110): GLib-GObject-WARNING **: /build/glib2.0-xkQkqE/glib2.0-2.48.2/./gobject/gsignal.c:3486: signal name 'load_complete' is invalid for instance '0x7fc72ad19150' of type 'MaiAtkType139'
JavaScript error: resource://devtools/server/actors/webconsole/utils.js, line 417: SyntaxError: The expression is not a legal expression.
JavaScript error: resource://devtools/server/actors/webconsole/utils.js, line 417: SyntaxError: The expression is not a legal expression.
1596458973908	mozrunner::runner	INFO	Running command: "/usr/bin/firefox" "-marionette" "-foreground" "-no-remote" "-profile" "/tmp/rust_mozprofile.4Ge4Bd55yJS7"
1596458977606	Marionette	INFO	Listening on port 46485
1596458977634	Marionette	WARN	TLS certificate errors will be ignored for this session
JavaScript error: resource://gre/modules/URIFixup.jsm, line 281: NS_ERROR_FAILURE: Should pass a non-null uri
1596459004670	Marionette	INFO	Stopped listening on port 33409

(firefox:5646): GLib-GObject-WARNING **: /build/glib2.0-xkQkqE/glib2.0-2.48.2/./gobject/gsignal.c:3486: signal name 'load_complete' is invalid for instance '0x7fae4670d830' of type 'MaiAtkType139'

(firefox:5646): GLib-GObject-WARNING **: /build/glib2.0-xkQkqE/glib2.0-2.48.2/./gobject/gsignal.c:3486: signal name 'load_complete' is invalid for instance '0x7fae466dace0' of type 'MaiAtkType139'

(firefox:5646): GLib-GObject-WARNING **: /build/glib2.0-xkQkqE/glib2.0-2.48.2/./gobject/gsignal.c:3486: signal name 'load_complete' is invalid for instance '0x7fae4b526ba0' of type 'MaiAtkType139'

(firefox:5646): GLib-GObject-WARNING **: /build/glib2.0-xkQkqE/glib2.0-2.48.2/./gobject/gsignal.c:3486: signal name 'load_complete' is invalid for instance '0x7fae4653d6f0' of type 'MaiAtkType139'

(firefox:5646): GLib-GObject-WARNING **: /build/glib2.0-xkQkqE/glib2.0-2.48.2/./gobject/gsignal.c:3486: signal name 'load_complete' is invalid for instance '0x7fae3d578d30' of type 'MaiAtkType139'

(firefox:5646): GLib-GObject-WARNING **: /build/glib2.0-xkQkqE/glib2.0-2.48.2/./gobject/gsignal.c:3486: signal name 'load_complete' is invalid for instance '0x7fae3d57d6f0' of type 'MaiAtkType139'

(firefox:5646): GLib-GObject-WARNING **: /build/glib2.0-xkQkqE/glib2.0-2.48.2/./gobject/gsignal.c:3486: signal name 'load_complete' is invalid for instance '0x7fae3d5776a0' of type 'MaiAtkType139'

(firefox:5646): GLib-GObject-WARNING **: /build/glib2.0-xkQkqE/glib2.0-2.48.2/./gobject/gsignal.c:3486: signal name 'load_complete' is invalid for instance '0x7fae3d581330' of type 'MaiAtkType139'

(firefox:5646): GLib-GObject-WARNING **: /build/glib2.0-xkQkqE/glib2.0-2.48.2/./gobject/gsignal.c:3486: signal name 'load_complete' is invalid for instance '0x7fae3d5710b0' of type 'MaiAtkType139'
console.error: "Store does not have a valid reducer. Make sure the argument passed to combineReducers is an object whose values are reducers."

(firefox:5646): GLib-GObject-WARNING **: /build/glib2.0-xkQkqE/glib2.0-2.48.2/./gobject/gsignal.c:3486: signal name 'load_complete' is invalid for instance '0x7fae383771f0' of type 'MaiAtkType139'

(firefox:5646): GLib-GObject-WARNING **: /build/glib2.0-xkQkqE/glib2.0-2.48.2/./gobject/gsignal.c:3486: signal name 'load_complete' is invalid for instance '0x7fae3c048b50' of type 'MaiAtkType139'

(firefox:5646): GLib-GObject-WARNING **: /build/glib2.0-xkQkqE/glib2.0-2.48.2/./gobject/gsignal.c:3486: signal name 'load_complete' is invalid for instance '0x7fae37eccc40' of type 'MaiAtkType139'
console.error: "Error while calling actor 'layout's method 'getGrids'" "node is null"
console.error: "getGrids@resource://devtools/server/actors/layout.js:502:26\ngetGrids@resource://devtools/server/actors/layout.js:507:43\nhandler@resource://devtools/shared/protocol/Actor.js:162:37\nonPacket@resource://devtools/server/devtools-server-connection.js:380:58\nreceiveMessage@resource://devtools/shared/transport/child-transport.js:66:16\n"

(firefox:5646): GLib-GObject-WARNING **: /build/glib2.0-xkQkqE/glib2.0-2.48.2/./gobject/gsignal.c:3486: signal name 'load_complete' is invalid for instance '0x7fae3a56b830' of type 'MaiAtkType139'

(firefox:5646): GLib-GObject-WARNING **: /build/glib2.0-xkQkqE/glib2.0-2.48.2/./gobject/gsignal.c:3486: signal name 'load_complete' is invalid for instance '0x7facb34e6a10' of type 'MaiAtkType139'

(firefox:5646): GLib-GObject-WARNING **: /build/glib2.0-xkQkqE/glib2.0-2.48.2/./gobject/gsignal.c:3486: signal name 'load_complete' is invalid for instance '0x7facb3635880' of type 'MaiAtkType139'

(firefox:5646): GLib-GObject-WARNING **: /build/glib2.0-xkQkqE/glib2.0-2.48.2/./gobject/gsignal.c:3486: signal name 'load_complete' is invalid for instance '0x7facb137a0b0' of type 'MaiAtkType139'

(firefox:5646): GLib-GObject-WARNING **: /build/glib2.0-xkQkqE/glib2.0-2.48.2/./gobject/gsignal.c:3486: signal name 'load_complete' is invalid for instance '0x7facb09271f0' of type 'MaiAtkType139'

(firefox:5646): GLib-GObject-WARNING **: /build/glib2.0-xkQkqE/glib2.0-2.48.2/./gobject/gsignal.c:3486: signal name 'load_complete' is invalid for instance '0x7facb06dec40' of type 'MaiAtkType139'

(firefox:5646): GLib-GObject-WARNING **: /build/glib2.0-xkQkqE/glib2.0-2.48.2/./gobject/gsignal.c:3486: signal name 'load_complete' is invalid for instance '0x7facb09c2510' of type 'MaiAtkType139'

(firefox:5646): GLib-GObject-WARNING **: /build/glib2.0-xkQkqE/glib2.0-2.48.2/./gobject/gsignal.c:3486: signal name 'load_complete' is invalid for instance '0x7facb09c2e20' of type 'MaiAtkType139'

(firefox:5646): GLib-GObject-WARNING **: /build/glib2.0-xkQkqE/glib2.0-2.48.2/./gobject/gsignal.c:3486: signal name 'load_complete' is invalid for instance '0x7facb09cfc40' of type 'MaiAtkType139'

(firefox:5646): GLib-GObject-WARNING **: /build/glib2.0-xkQkqE/glib2.0-2.48.2/./gobject/gsignal.c:3486: signal name 'load_complete' is invalid for instance '0x7facb0495dd0' of type 'MaiAtkType139'

(firefox:5646): GLib-GObject-WARNING **: /build/glib2.0-xkQkqE/glib2.0-2.48.2/./gobject/gsignal.c:3486: signal name 'load_complete' is invalid for instance '0x7facb0922ba0' of type 'MaiAtkType139'

(firefox:5646): GLib-GObject-WARNING **: /build/glib2.0-xkQkqE/glib2.0-2.48.2/./gobject/gsignal.c:3486: signal name 'load_complete' is invalid for instance '0x7facb0972dd0' of type 'MaiAtkType139'

(firefox:5646): GLib-GObject-WARNING **: /build/glib2.0-xkQkqE/glib2.0-2.48.2/./gobject/gsignal.c:3486: signal name 'load_complete' is invalid for instance '0x7facb09c21a0' of type 'MaiAtkType139'
console.error: "Error while calling actor 'layout's method 'getGrids'" "node is null"
console.error: "getGrids@resource://devtools/server/actors/layout.js:502:26\ngetGrids@resource://devtools/server/actors/layout.js:507:43\nhandler@resource://devtools/shared/protocol/Actor.js:162:37\nonPacket@resource://devtools/server/devtools-server-connection.js:380:58\nreceiveMessage@resource://devtools/shared/transport/child-transport.js:66:16\n"

(firefox:5646): GLib-GObject-WARNING **: /build/glib2.0-xkQkqE/glib2.0-2.48.2/./gobject/gsignal.c:3486: signal name 'load_complete' is invalid for instance '0x7facaf119420' of type 'MaiAtkType139'

(firefox:5646): GLib-GObject-WARNING **: /build/glib2.0-xkQkqE/glib2.0-2.48.2/./gobject/gsignal.c:3486: signal name 'load_complete' is invalid for instance '0x7facb0222290' of type 'MaiAtkType139'
console.error: "Error while calling actor 'layout's method 'getGrids'" "node is null"
console.error: "getGrids@resource://devtools/server/actors/layout.js:502:26\ngetGrids@resource://devtools/server/actors/layout.js:507:43\nhandler@resource://devtools/shared/protocol/Actor.js:162:37\nonPacket@resource://devtools/server/devtools-server-connection.js:380:58\nreceiveMessage@resource://devtools/shared/transport/child-transport.js:66:16\n"
